<?xml version="1.0" encoding="UTF-8"?>
<!-- Generated by org.testng.reporters.JUnitReportReporter -->
<testsuite hostname="DESKTOP-NBPVL8F" failures="0" tests="2" name="test_case.Test_Case_1" time="0.041" errors="0" timestamp="2022-09-19T13:26:15 IST" skipped="0">
  <testcase classname="test_case.Test_Case_1" name="test1" time="0.037"/>
  <system-out/>
  <testcase classname="test_case.Test_Case_1" name="test2" time="0.004"/>
  <system-out/>
</testsuite> <!-- test_case.Test_Case_1 -->
